<?xml version="1.0" encoding="UTF-8"?><testsuite errors="1" failures="3" name="Post users" skipped="0" tests="6" time="1.58" timestamp="2023-03-18 01:01:14"><testcase name="Create user with valid request body"><failure message="1 expectation failed.&#10;Expected status code &lt;201&gt; but was &lt;502&gt;.&#10;" type="java.lang.AssertionError">1 expectation failed.
Expected status code &lt;201&gt; but was &lt;502&gt;.
</failure><system-err>1 expectation failed.
Expected status code &lt;201&gt; but was &lt;502&gt;.

io.restassured.internal.ResponseSpecificationImpl.validateResponseIfRequired(ResponseSpecificationImpl.groovy:674)
io.restassured.internal.ResponseSpecificationImpl.statusCode(ResponseSpecificationImpl.groovy:126)
io.restassured.internal.ResponseSpecificationImpl.statusCode(ResponseSpecificationImpl.groovy:134)
io.restassured.internal.ValidatableResponseOptionsImpl.statusCode(ValidatableResponseOptionsImpl.java:89)
io.restassured.internal.ValidatableResponseImpl.super$2$statusCode(ValidatableResponseImpl.groovy)
groovy.lang.MetaMethod.doMethodInvoke(MetaMethod.java:323)
groovy.lang.MetaClassImpl.invokeMethod(MetaClassImpl.java:1267)
io.restassured.internal.ValidatableResponseImpl.statusCode(ValidatableResponseImpl.groovy:142)
io.restassured.internal.ValidatableResponseImpl.statusCode(ValidatableResponseImpl.groovy)
starter.user.StepDef.GeneralStepDef.shouldReturnStatusCode(GeneralStepDef.java:17)
✽.should return status code 201(file:///Users/suci/IdeaProjects/Go-REST-API/src/test/resources/features/user/post_user.feature:7)
</system-err></testcase><testcase name="Create user with invalid request body"/><testcase name="Create user without request body"><failure message="1 expectation failed.&#10;Expected status code &lt;400&gt; but was &lt;502&gt;.&#10;" type="java.lang.AssertionError">1 expectation failed.
Expected status code &lt;400&gt; but was &lt;502&gt;.
</failure><system-err>1 expectation failed.
Expected status code &lt;400&gt; but was &lt;502&gt;.

io.restassured.internal.ResponseSpecificationImpl.validateResponseIfRequired(ResponseSpecificationImpl.groovy:674)
io.restassured.internal.ResponseSpecificationImpl.statusCode(ResponseSpecificationImpl.groovy:126)
io.restassured.internal.ResponseSpecificationImpl.statusCode(ResponseSpecificationImpl.groovy:134)
io.restassured.internal.ValidatableResponseOptionsImpl.statusCode(ValidatableResponseOptionsImpl.java:89)
io.restassured.internal.ValidatableResponseImpl.super$2$statusCode(ValidatableResponseImpl.groovy)
groovy.lang.MetaMethod.doMethodInvoke(MetaMethod.java:323)
groovy.lang.MetaClassImpl.invokeMethod(MetaClassImpl.java:1267)
io.restassured.internal.ValidatableResponseImpl.statusCode(ValidatableResponseImpl.groovy:142)
io.restassured.internal.ValidatableResponseImpl.statusCode(ValidatableResponseImpl.groovy)
starter.user.StepDef.GeneralStepDef.shouldReturnStatusCode(GeneralStepDef.java:17)
✽.should return status code 400(file:///Users/suci/IdeaProjects/Go-REST-API/src/test/resources/features/user/post_user.feature:18)
</system-err></testcase><testcase name="Create user without name on request body"><error message="/Users/suci/IdeaProjects/Go-REST-API/src/test/resources/JSON/Schema/InvalidRequestCreateUserWithoutName.json (No such file or directory)" type="java.io.FileNotFoundException">/Users/suci/IdeaProjects/Go-REST-API/src/test/resources/JSON/Schema/InvalidRequestCreateUserWithoutName.json (No such file or directory)</error><system-err>/Users/suci/IdeaProjects/Go-REST-API/src/test/resources/JSON/Schema/InvalidRequestCreateUserWithoutName.json (No such file or directory)
io.restassured.internal.support.FileReader.readToString(FileReader.groovy:23)
io.restassured.internal.http.EncoderRegistry.toString(EncoderRegistry.java:461)
io.restassured.internal.http.EncoderRegistry.encodeJSON(EncoderRegistry.java:287)
groovy.lang.MetaMethod.doMethodInvoke(MetaMethod.java:323)
groovy.lang.MetaClassImpl.invokeMethod(MetaClassImpl.java:1267)
groovy.lang.MetaClassImpl.invokeMethodClosure(MetaClassImpl.java:1047)
groovy.lang.MetaClassImpl.invokeMethod(MetaClassImpl.java:1141)
groovy.lang.MetaClassImpl.invokeMethod(MetaClassImpl.java:1034)
groovy.lang.Closure.call(Closure.java:412)
io.restassured.internal.http.HTTPBuilder.post(HTTPBuilder.java:345)
io.restassured.internal.RequestSpecificationImpl.sendRequest(RequestSpecificationImpl.groovy:1181)
groovy.lang.MetaMethod.doMethodInvoke(MetaMethod.java:323)
groovy.lang.MetaClassImpl.invokeMethod(MetaClassImpl.java:1267)
groovy.lang.MetaClassImpl.invokeMethod(MetaClassImpl.java:1034)
groovy.lang.MetaClassImpl.invokeMethod(MetaClassImpl.java:818)
groovy.lang.GroovyObject.invokeMethod(GroovyObject.java:39)
io.restassured.internal.filter.SendRequestFilter.filter(SendRequestFilter.groovy:30)
io.restassured.internal.filter.FilterContextImpl.next(FilterContextImpl.groovy:72)
io.restassured.filter.time.TimingFilter.filter(TimingFilter.java:56)
io.restassured.internal.filter.FilterContextImpl.next(FilterContextImpl.groovy:72)
io.restassured.filter.log.RequestLoggingFilter.filter(RequestLoggingFilter.java:140)
net.serenitybdd.rest.filters.FieldsRecordingFilter.filter(FieldsRecordingFilter.java:40)
io.restassured.internal.filter.FilterContextImpl.next(FilterContextImpl.groovy:72)
io.restassured.filter.log.RequestLoggingFilter.filter(RequestLoggingFilter.java:140)
net.serenitybdd.rest.filters.FieldsRecordingFilter.filter(FieldsRecordingFilter.java:40)
io.restassured.internal.filter.FilterContextImpl.next(FilterContextImpl.groovy:72)
io.restassured.filter.log.RequestLoggingFilter.filter(RequestLoggingFilter.java:140)
net.serenitybdd.rest.filters.FieldsRecordingFilter.filter(FieldsRecordingFilter.java:40)
io.restassured.internal.filter.FilterContextImpl.next(FilterContextImpl.groovy:72)
io.restassured.filter.log.RequestLoggingFilter.filter(RequestLoggingFilter.java:140)
net.serenitybdd.rest.filters.FieldsRecordingFilter.filter(FieldsRecordingFilter.java:40)
io.restassured.internal.filter.FilterContextImpl.next(FilterContextImpl.groovy:72)
io.restassured.filter.log.RequestLoggingFilter.filter(RequestLoggingFilter.java:140)
net.serenitybdd.rest.filters.FieldsRecordingFilter.filter(FieldsRecordingFilter.java:40)
io.restassured.internal.filter.FilterContextImpl.next(FilterContextImpl.groovy:72)
io.restassured.filter.log.RequestLoggingFilter.filter(RequestLoggingFilter.java:140)
net.serenitybdd.rest.filters.FieldsRecordingFilter.filter(FieldsRecordingFilter.java:40)
io.restassured.internal.filter.FilterContextImpl.next(FilterContextImpl.groovy:72)
io.restassured.internal.RequestSpecificationImpl.applyPathParamsAndSendRequest(RequestSpecificationImpl.groovy:1655)
groovy.lang.MetaMethod.doMethodInvoke(MetaMethod.java:323)
groovy.lang.MetaClassImpl.invokeMethod(MetaClassImpl.java:1267)
groovy.lang.MetaClassImpl.invokeMethod(MetaClassImpl.java:1034)
groovy.lang.MetaClassImpl.invokeMethod(MetaClassImpl.java:818)
groovy.lang.GroovyObject.invokeMethod(GroovyObject.java:39)
io.restassured.internal.RequestSpecificationImpl.applyPathParamsAndSendRequest(RequestSpecificationImpl.groovy:1661)
groovy.lang.MetaMethod.doMethodInvoke(MetaMethod.java:323)
groovy.lang.MetaClassImpl.invokeMethod(MetaClassImpl.java:1267)
groovy.lang.MetaClassImpl.invokeMethod(MetaClassImpl.java:1034)
groovy.lang.MetaClassImpl.invokeMethod(MetaClassImpl.java:818)
groovy.lang.GroovyObject.invokeMethod(GroovyObject.java:39)
io.restassured.internal.RequestSpecificationImpl.post(RequestSpecificationImpl.groovy:175)
net.serenitybdd.rest.decorators.request.RequestSpecificationDecorated.executeCall(RequestSpecificationDecorated.java:309)
net.serenitybdd.rest.decorators.request.RequestSpecificationDecorated.execute(RequestSpecificationDecorated.java:268)
net.serenitybdd.rest.decorators.request.RequestSpecificationDecorated.post(RequestSpecificationDecorated.java:120)
net.serenitybdd.rest.decorators.request.RequestSpecificationDecorated.post(RequestSpecificationDecorated.java:38)
starter.user.StepDef.CreateUserStepDef.sendRequestPostUser(CreateUserStepDef.java:26)
io.cucumber.java.Invoker.doInvoke(Invoker.java:66)
io.cucumber.java.Invoker.invoke(Invoker.java:24)
io.cucumber.java.AbstractGlueDefinition.invokeMethod(AbstractGlueDefinition.java:47)
io.cucumber.java.JavaStepDefinition.execute(JavaStepDefinition.java:29)
io.cucumber.core.runner.CoreStepDefinition.execute(CoreStepDefinition.java:66)
io.cucumber.core.runner.PickleStepDefinitionMatch.runStep(PickleStepDefinitionMatch.java:63)
io.cucumber.core.runner.TestStep.executeStep(TestStep.java:92)
io.cucumber.core.runner.TestStep.run(TestStep.java:64)
io.cucumber.core.runner.PickleStepTestStep.run(PickleStepTestStep.java:51)
io.cucumber.core.runner.TestCase.run(TestCase.java:104)
io.cucumber.core.runner.Runner.runPickle(Runner.java:73)
io.cucumber.junit.FeatureRunner.runChild(FeatureRunner.java:135)
io.cucumber.junit.FeatureRunner.runChild(FeatureRunner.java:27)
io.cucumber.junit.CucumberSerenityRunner.runChild(CucumberSerenityRunner.java:258)
io.cucumber.junit.CucumberSerenityRunner.runChild(CucumberSerenityRunner.java:57)
</system-err></testcase><testcase name="Create user without token"><failure message="1 expectation failed.&#10;Expected status code &lt;401&gt; but was &lt;502&gt;.&#10;" type="java.lang.AssertionError">1 expectation failed.
Expected status code &lt;401&gt; but was &lt;502&gt;.
</failure><system-err>1 expectation failed.
Expected status code &lt;401&gt; but was &lt;502&gt;.

io.restassured.internal.ResponseSpecificationImpl.validateResponseIfRequired(ResponseSpecificationImpl.groovy:674)
io.restassured.internal.ResponseSpecificationImpl.statusCode(ResponseSpecificationImpl.groovy:126)
io.restassured.internal.ResponseSpecificationImpl.statusCode(ResponseSpecificationImpl.groovy:134)
io.restassured.internal.ValidatableResponseOptionsImpl.statusCode(ValidatableResponseOptionsImpl.java:89)
io.restassured.internal.ValidatableResponseImpl.super$2$statusCode(ValidatableResponseImpl.groovy)
groovy.lang.MetaMethod.doMethodInvoke(MetaMethod.java:323)
groovy.lang.MetaClassImpl.invokeMethod(MetaClassImpl.java:1267)
io.restassured.internal.ValidatableResponseImpl.statusCode(ValidatableResponseImpl.groovy:142)
io.restassured.internal.ValidatableResponseImpl.statusCode(ValidatableResponseImpl.groovy)
starter.user.StepDef.GeneralStepDef.shouldReturnStatusCode(GeneralStepDef.java:17)
✽.should return status code 401(file:///Users/suci/IdeaProjects/Go-REST-API/src/test/resources/features/user/post_user.feature:29)
</system-err></testcase><testcase name="Create user without token and without request body"/></testsuite>