<?xml version="1.0" encoding="UTF-8"?><testsuite errors="0" failures="3" name="Patch users" skipped="0" tests="7" time="8.57" timestamp="2023-03-18 11:38:57"><testcase name="Update user with valid ID and valid request body"/><testcase name="Update user with valid ID and invalid request body"><failure message="1 expectation failed.&#10;Expected status code &lt;400&gt; but was &lt;200&gt;.&#10;" type="java.lang.AssertionError">1 expectation failed.
Expected status code &lt;400&gt; but was &lt;200&gt;.
</failure><system-err>1 expectation failed.
Expected status code &lt;400&gt; but was &lt;200&gt;.

io.restassured.internal.ResponseSpecificationImpl.validateResponseIfRequired(ResponseSpecificationImpl.groovy:674)
io.restassured.internal.ResponseSpecificationImpl.statusCode(ResponseSpecificationImpl.groovy:126)
io.restassured.internal.ResponseSpecificationImpl.statusCode(ResponseSpecificationImpl.groovy:134)
io.restassured.internal.ValidatableResponseOptionsImpl.statusCode(ValidatableResponseOptionsImpl.java:89)
io.restassured.internal.ValidatableResponseImpl.super$2$statusCode(ValidatableResponseImpl.groovy)
groovy.lang.MetaMethod.doMethodInvoke(MetaMethod.java:323)
groovy.lang.MetaClassImpl.invokeMethod(MetaClassImpl.java:1267)
io.restassured.internal.ValidatableResponseImpl.statusCode(ValidatableResponseImpl.groovy:142)
io.restassured.internal.ValidatableResponseImpl.statusCode(ValidatableResponseImpl.groovy)
starter.user.StepDef.GeneralStepDef.shouldReturnStatusCode(GeneralStepDef.java:20)
✽.should return status code 400(file:///Users/suci/IdeaProjects/Go-REST-API/src/test/resources/features/user/patch_user.feature:13)
</system-err></testcase><testcase name="Update user with unregistered ID and valid request body"/><testcase name="Update user with invalid ID and valid request body"><failure message="1 expectation failed.&#10;Expected status code &lt;400&gt; but was &lt;404&gt;.&#10;" type="java.lang.AssertionError">1 expectation failed.
Expected status code &lt;400&gt; but was &lt;404&gt;.
</failure><system-err>1 expectation failed.
Expected status code &lt;400&gt; but was &lt;404&gt;.

io.restassured.internal.ResponseSpecificationImpl.validateResponseIfRequired(ResponseSpecificationImpl.groovy:674)
io.restassured.internal.ResponseSpecificationImpl.statusCode(ResponseSpecificationImpl.groovy:126)
io.restassured.internal.ResponseSpecificationImpl.statusCode(ResponseSpecificationImpl.groovy:134)
io.restassured.internal.ValidatableResponseOptionsImpl.statusCode(ValidatableResponseOptionsImpl.java:89)
io.restassured.internal.ValidatableResponseImpl.super$2$statusCode(ValidatableResponseImpl.groovy)
groovy.lang.MetaMethod.doMethodInvoke(MetaMethod.java:323)
groovy.lang.MetaClassImpl.invokeMethod(MetaClassImpl.java:1267)
io.restassured.internal.ValidatableResponseImpl.statusCode(ValidatableResponseImpl.groovy:142)
io.restassured.internal.ValidatableResponseImpl.statusCode(ValidatableResponseImpl.groovy)
starter.user.StepDef.GeneralStepDef.shouldReturnStatusCode(GeneralStepDef.java:20)
✽.should return status code 400(file:///Users/suci/IdeaProjects/Go-REST-API/src/test/resources/features/user/patch_user.feature:23)
</system-err></testcase><testcase name="Update user with invalid ID and invalid request body"><failure message="1 expectation failed.&#10;Expected status code &lt;400&gt; but was &lt;404&gt;.&#10;" type="java.lang.AssertionError">1 expectation failed.
Expected status code &lt;400&gt; but was &lt;404&gt;.
</failure><system-err>1 expectation failed.
Expected status code &lt;400&gt; but was &lt;404&gt;.

io.restassured.internal.ResponseSpecificationImpl.validateResponseIfRequired(ResponseSpecificationImpl.groovy:674)
io.restassured.internal.ResponseSpecificationImpl.statusCode(ResponseSpecificationImpl.groovy:126)
io.restassured.internal.ResponseSpecificationImpl.statusCode(ResponseSpecificationImpl.groovy:134)
io.restassured.internal.ValidatableResponseOptionsImpl.statusCode(ValidatableResponseOptionsImpl.java:89)
io.restassured.internal.ValidatableResponseImpl.super$2$statusCode(ValidatableResponseImpl.groovy)
groovy.lang.MetaMethod.doMethodInvoke(MetaMethod.java:323)
groovy.lang.MetaClassImpl.invokeMethod(MetaClassImpl.java:1267)
io.restassured.internal.ValidatableResponseImpl.statusCode(ValidatableResponseImpl.groovy:142)
io.restassured.internal.ValidatableResponseImpl.statusCode(ValidatableResponseImpl.groovy)
starter.user.StepDef.GeneralStepDef.shouldReturnStatusCode(GeneralStepDef.java:20)
✽.should return status code 400(file:///Users/suci/IdeaProjects/Go-REST-API/src/test/resources/features/user/patch_user.feature:28)
</system-err></testcase><testcase name="Update user without token"/><testcase name="Update user without ID"/></testsuite>