<?xml version="1.0" encoding="UTF-8"?><testsuite errors="1" failures="1" name="Delete users" skipped="0" tests="4" time="8.4" timestamp="2023-03-18 01:00:58"><testcase name="Delete User with valid ID"/><testcase name="Delete User with invalid ID"><failure message="1 expectation failed.&#10;Expected status code &lt;400&gt; but was &lt;404&gt;.&#10;" type="java.lang.AssertionError">1 expectation failed.
Expected status code &lt;400&gt; but was &lt;404&gt;.
</failure><system-err>1 expectation failed.
Expected status code &lt;400&gt; but was &lt;404&gt;.

io.restassured.internal.ResponseSpecificationImpl.validateResponseIfRequired(ResponseSpecificationImpl.groovy:674)
io.restassured.internal.ResponseSpecificationImpl.statusCode(ResponseSpecificationImpl.groovy:126)
io.restassured.internal.ResponseSpecificationImpl.statusCode(ResponseSpecificationImpl.groovy:134)
io.restassured.internal.ValidatableResponseOptionsImpl.statusCode(ValidatableResponseOptionsImpl.java:89)
io.restassured.internal.ValidatableResponseImpl.super$2$statusCode(ValidatableResponseImpl.groovy)
groovy.lang.MetaMethod.doMethodInvoke(MetaMethod.java:323)
groovy.lang.MetaClassImpl.invokeMethod(MetaClassImpl.java:1267)
io.restassured.internal.ValidatableResponseImpl.statusCode(ValidatableResponseImpl.groovy:142)
io.restassured.internal.ValidatableResponseImpl.statusCode(ValidatableResponseImpl.groovy)
starter.user.StepDef.GeneralStepDef.shouldReturnStatusCode(GeneralStepDef.java:17)
✽.should return status code 400(file:///Users/suci/IdeaProjects/Go-REST-API/src/test/resources/features/user/delete_user.feature:12)
</system-err></testcase><testcase name="Delete User without ID"/><testcase name="Delete User without ID and without Token"><error message="Invalid number of path parameters. Expected 1, was 0. Undefined path parameters are: user_id." type="java.lang.IllegalArgumentException">Invalid number of path parameters. Expected 1, was 0. Undefined path parameters are: user_id.</error><system-err>Invalid number of path parameters. Expected 1, was 0. Undefined path parameters are: user_id.
io.restassured.internal.RequestSpecificationImpl.assertCorrectNumberOfPathParams(RequestSpecificationImpl.groovy:1248)
groovy.lang.MetaMethod.doMethodInvoke(MetaMethod.java:323)
groovy.lang.MetaClassImpl.invokeMethod(MetaClassImpl.java:1267)
groovy.lang.MetaClassImpl.invokeMethod(MetaClassImpl.java:1034)
groovy.lang.MetaClassImpl.invokeMethod(MetaClassImpl.java:818)
groovy.lang.GroovyObject.invokeMethod(GroovyObject.java:39)
io.restassured.internal.RequestSpecificationImpl.sendRequest(RequestSpecificationImpl.groovy:1135)
groovy.lang.MetaMethod.doMethodInvoke(MetaMethod.java:323)
groovy.lang.MetaClassImpl.invokeMethod(MetaClassImpl.java:1267)
groovy.lang.MetaClassImpl.invokeMethod(MetaClassImpl.java:1034)
groovy.lang.MetaClassImpl.invokeMethod(MetaClassImpl.java:818)
groovy.lang.GroovyObject.invokeMethod(GroovyObject.java:39)
io.restassured.internal.filter.SendRequestFilter.filter(SendRequestFilter.groovy:30)
io.restassured.internal.filter.FilterContextImpl.next(FilterContextImpl.groovy:72)
io.restassured.filter.time.TimingFilter.filter(TimingFilter.java:56)
io.restassured.internal.filter.FilterContextImpl.next(FilterContextImpl.groovy:72)
io.restassured.filter.log.RequestLoggingFilter.filter(RequestLoggingFilter.java:140)
net.serenitybdd.rest.filters.FieldsRecordingFilter.filter(FieldsRecordingFilter.java:40)
io.restassured.internal.filter.FilterContextImpl.next(FilterContextImpl.groovy:72)
io.restassured.filter.log.RequestLoggingFilter.filter(RequestLoggingFilter.java:140)
net.serenitybdd.rest.filters.FieldsRecordingFilter.filter(FieldsRecordingFilter.java:40)
io.restassured.internal.filter.FilterContextImpl.next(FilterContextImpl.groovy:72)
io.restassured.filter.log.RequestLoggingFilter.filter(RequestLoggingFilter.java:140)
net.serenitybdd.rest.filters.FieldsRecordingFilter.filter(FieldsRecordingFilter.java:40)
io.restassured.internal.filter.FilterContextImpl.next(FilterContextImpl.groovy:72)
io.restassured.filter.log.RequestLoggingFilter.filter(RequestLoggingFilter.java:140)
net.serenitybdd.rest.filters.FieldsRecordingFilter.filter(FieldsRecordingFilter.java:40)
io.restassured.internal.filter.FilterContextImpl.next(FilterContextImpl.groovy:72)
io.restassured.filter.log.RequestLoggingFilter.filter(RequestLoggingFilter.java:140)
net.serenitybdd.rest.filters.FieldsRecordingFilter.filter(FieldsRecordingFilter.java:40)
io.restassured.internal.filter.FilterContextImpl.next(FilterContextImpl.groovy:72)
io.restassured.filter.log.RequestLoggingFilter.filter(RequestLoggingFilter.java:140)
net.serenitybdd.rest.filters.FieldsRecordingFilter.filter(FieldsRecordingFilter.java:40)
io.restassured.internal.filter.FilterContextImpl.next(FilterContextImpl.groovy:72)
io.restassured.internal.RequestSpecificationImpl.applyPathParamsAndSendRequest(RequestSpecificationImpl.groovy:1655)
groovy.lang.MetaMethod.doMethodInvoke(MetaMethod.java:323)
groovy.lang.MetaClassImpl.invokeMethod(MetaClassImpl.java:1267)
groovy.lang.MetaClassImpl.invokeMethod(MetaClassImpl.java:1034)
groovy.lang.MetaClassImpl.invokeMethod(MetaClassImpl.java:818)
groovy.lang.GroovyObject.invokeMethod(GroovyObject.java:39)
io.restassured.internal.RequestSpecificationImpl.applyPathParamsAndSendRequest(RequestSpecificationImpl.groovy:1661)
groovy.lang.MetaMethod.doMethodInvoke(MetaMethod.java:323)
groovy.lang.MetaClassImpl.invokeMethod(MetaClassImpl.java:1267)
groovy.lang.MetaClassImpl.invokeMethod(MetaClassImpl.java:1034)
groovy.lang.MetaClassImpl.invokeMethod(MetaClassImpl.java:818)
groovy.lang.GroovyObject.invokeMethod(GroovyObject.java:39)
io.restassured.internal.RequestSpecificationImpl.delete(RequestSpecificationImpl.groovy:183)
net.serenitybdd.rest.decorators.request.RequestSpecificationDecorated.executeCall(RequestSpecificationDecorated.java:313)
net.serenitybdd.rest.decorators.request.RequestSpecificationDecorated.execute(RequestSpecificationDecorated.java:268)
net.serenitybdd.rest.decorators.request.RequestSpecificationDecorated.delete(RequestSpecificationDecorated.java:177)
net.serenitybdd.rest.decorators.request.RequestSpecificationDecorated.delete(RequestSpecificationDecorated.java:38)
starter.user.StepDef.DeleteUserStepDef.sendRequestDeleteUser(DeleteUserStepDef.java:25)
✽.send request delete user(file:///Users/suci/IdeaProjects/Go-REST-API/src/test/resources/features/user/delete_user.feature:21)
</system-err></testcase></testsuite>